<?xml version="1.0" encoding="utf-8"?><testsuites name="pytest tests"><testsuite name="pytest" errors="0" failures="0" skipped="0" tests="18" time="7.860" timestamp="2026-06-23T17:20:59.753982+00:00" hostname="agent-env-86bbaa56-884a-4556-a352-21e6e3cbe77c"><testcase classname="tests.test_control_tower_api.TestHealth" name="test_health_endpoint" time="0.245" /><testcase classname="tests.test_control_tower_api.TestAuth" name="test_login_with_correct_credentials" time="0.326" /><testcase classname="tests.test_control_tower_api.TestAuth" name="test_login_with_wrong_password" time="0.329" /><testcase classname="tests.test_control_tower_api.TestAuth" name="test_login_with_nonexistent_email" time="0.141" /><testcase classname="tests.test_control_tower_api.TestAuthMe" name="test_get_me_with_valid_token" time="0.488" /><testcase classname="tests.test_control_tower_api.TestDashboard" name="test_dashboard_summary" time="0.441" /><testcase classname="tests.test_control_tower_api.TestVHold" name="test_vhold_summary" time="0.436" /><testcase classname="tests.test_control_tower_api.TestVHold" name="test_vhold_proposals_all" time="0.502" /><testcase classname="tests.test_control_tower_api.TestVHold" name="test_vhold_proposals_filter_pending" time="0.438" /><testcase classname="tests.test_control_tower_api.TestVHold" name="test_vhold_proposal_detail" time="0.568" /><testcase classname="tests.test_control_tower_api.TestVHold" name="test_vhold_submit_decision_approve" time="0.649" /><testcase classname="tests.test_control_tower_api.TestCostBoss" name="test_cost_boss_summary" time="0.431" /><testcase classname="tests.test_control_tower_api.TestCostBoss" name="test_cost_boss_strategies" time="0.463" /><testcase classname="tests.test_control_tower_api.TestPolicy" name="test_policy_summary" time="0.434" /><testcase classname="tests.test_control_tower_api.TestPolicy" name="test_policy_rules" time="0.443" /><testcase classname="tests.test_control_tower_api.TestAgents" name="test_agents_list" time="0.466" /><testcase classname="tests.test_control_tower_api.TestAgents" name="test_agent_detail" time="0.524" /><testcase classname="tests.test_control_tower_api.TestAudit" name="test_audit_records" time="0.430" /></testsuite></testsuites>